<?xml version="1.0" encoding="UTF-8"?>
<testsuites>
    <testsuite name="force.apex" timestamp="2020-12-20T10:11:11-03:00" hostname="https://mindful-fox-nzaknp-dev-ed.my.salesforce.com" tests="1" failures="1"  errors="0"  time="0.07">
        <properties>
            <property name="outcome" value="Failed"/>
            <property name="testsRan" value="1"/>
            <property name="passing" value="0"/>
            <property name="failing" value="1"/>
            <property name="skipped" value="0"/>
            <property name="passRate" value="0%"/>
            <property name="failRate" value="100%"/>
            <property name="testStartTime" value="Dec 20, 2020 10:11 AM"/>
            <property name="testExecutionTime" value="0.07 s"/>
            <property name="testTotalTime" value="0.07 s"/>
            <property name="commandTime" value="5.96 s"/>
            <property name="hostname" value="https://mindful-fox-nzaknp-dev-ed.my.salesforce.com"/>
            <property name="orgId" value="00D4x00000312ujEAA"/>
            <property name="username" value="henrique_nitatori@mindful-fox-nzaknp.com"/>
            <property name="testRunId" value="7074x000005tWst"/>
            <property name="userId" value="0054x0000027d4KAAQ"/>
        </properties>
        <testcase name="givenCreateWhenCreateAccountThenExpectedListOfAccount" classname="AccountRepositoryTest" time="0.07">
            <failure message="System.DmlException: Insert failed. First exception on row 0; first error: INVALID_OR_NULL_FOR_RESTRICTED_PICKLIST, Category: valor incorreto para campo de lista de opções restrita: 991514972: [Category__c]"><![CDATA[Class.AccountFixeFactory.createAccount: line 28, column 1
Class.AccountFixeFactory.createAccount: line 20, column 1
Class.AccountRepositoryTest.givenCreateWhenCreateAccountThenExpectedListOfAccount: line 10, column 1]]></failure>
        </testcase>
    </testsuite>
</testsuites>
